[2026-03-23T16:49:45.926650] 🔄 开始数据清理任务...
[2026-03-23T16:50:17.392789] 📊 总组织数：2,097,015
[2026-03-23T16:50:23.524366] 📦 处理批次：500 个组织 (offset: 0)
[2026-03-23T16:50:24.962521] 📈 进度：500/2,097,015 (0.0%)
[2026-03-23T16:50:24.962582]    匹配标准名：185,791 用户
[2026-03-23T16:50:24.962658]    归一化处理：259,916 用户
[2026-03-23T16:50:24.962691]    已忽略：159,725 用户
[2026-03-23T16:50:24.962957] ✅ 批次处理完成
[2026-03-23T16:51:13.342963] 🔄 开始数据清理任务...
[2026-03-23T16:51:18.505328] 📦 处理批次：500 个组织 (offset: 500)
[2026-03-23T16:51:19.917015]    插入 19 个别名映射
[2026-03-23T16:51:19.917352] 📈 进度：1,000/2,097,015 (0.0%)
[2026-03-23T16:51:19.917404]    匹配标准名：1,694 用户
[2026-03-23T16:51:19.917431]    归一化处理：122,549 用户
[2026-03-23T16:51:19.917454]    已忽略：16,620 用户
[2026-03-23T16:51:19.917674] ✅ 批次处理完成
[2026-03-23T16:52:40.110149] 🔄 开始数据清理任务...
[2026-03-23T16:52:48.099929] 📦 处理批次：500 个组织 (offset: 1000)
[2026-03-23T16:52:49.536823]    插入/更新 16 个别名映射
[2026-03-23T16:52:49.537166] 📈 进度：1,500/2,097,015 (0.1%)
[2026-03-23T16:52:49.537217]    匹配标准名：818 用户
[2026-03-23T16:52:49.537244]    归一化处理：90,343 用户
[2026-03-23T16:52:49.537269]    已忽略：7,540 用户
[2026-03-23T16:52:49.537495] ✅ 批次处理完成
[2026-03-23T17:00:01.704357] 🔄 开始数据清理任务...
[2026-03-23T17:00:12.525497] 📦 处理批次：500 个组织 (offset: 1500)
[2026-03-23T17:00:13.948256]    插入/更新 22 个别名映射
[2026-03-23T17:00:13.948652] 📈 进度：2,000/2,097,015 (0.1%)
[2026-03-23T17:00:13.948710]    匹配标准名：567 用户
[2026-03-23T17:00:13.948781]    归一化处理：65,223 用户
[2026-03-23T17:00:13.948808]    已忽略：9,659 用户
[2026-03-23T17:00:13.949062] ✅ 批次处理完成
[2026-03-23T17:10:02.099740] 🔄 开始数据清理任务...
[2026-03-23T17:10:07.360622] 📦 处理批次：500 个组织 (offset: 2000)
[2026-03-23T17:10:08.793476]    插入/更新 25 个别名映射
[2026-03-23T17:10:08.793851] 📈 进度：2,500/2,097,015 (0.1%)
[2026-03-23T17:10:08.793898]    匹配标准名：471 用户
[2026-03-23T17:10:08.793926]    归一化处理：53,760 用户
[2026-03-23T17:10:08.793950]    已忽略：6,251 用户
[2026-03-23T17:10:08.794158] ✅ 批次处理完成
